# do {asyreset_Ttriger_tb_compile.do}
# Model Technology ModelSim SE-64 vmap 2019.2 Lib Mapping Utility 2019.04 Apr 17 2019
# vmap xil_defaultlib modelsim_lib/msim/xil_defaultlib 
# Modifying modelsim.ini
# ** Warning: (vlog-159) Mode option -64 is not supported in this context and will be ignored.
# Model Technology ModelSim SE-64 vlog 2019.2 Compiler 2019.04 Apr 17 2019
# Start time: 20:46:38 on Nov 25,2024
# vlog -64 -incr -work xil_defaultlib ../../../../project_1.srcs/sources_1/new/asyreset_Ttriger.v ../../../../project_1.srcs/sim_1/new/asyreset_Ttriger_tb.v 
# -- Compiling module asyreset_Ttriger
# -- Compiling module asyreset_Ttriger_tb
# 
# Top level modules:
# 	asyreset_Ttriger_tb
# End time: 20:46:38 on Nov 25,2024, Elapsed time: 0:00:00
# Errors: 0, Warnings: 1
# Model Technology ModelSim SE-64 vlog 2019.2 Compiler 2019.04 Apr 17 2019
# Start time: 20:46:38 on Nov 25,2024
# vlog -work xil_defaultlib glbl.v 
# -- Compiling module glbl
# 
# Top level modules:
# 	glbl
# End time: 20:46:38 on Nov 25,2024, Elapsed time: 0:00:00
# Errors: 0, Warnings: 0
